<?xml version="1.0" encoding="UTF-8" ?>
<testsuite errors="0" failures="0" hostname="GN4ZRY1-PC" name="com.connectsdk.discovery.provider.SSDPTest" skipped="0" tests="1" time="2.629" timestamp="2014-12-01T20:26:45">
  <properties>
    <property name="java.vendor" value="Oracle Corporation" />
    <property name="env.SYSTEMROOT" value="C:\Windows" />
    <property name="sun.java.launcher" value="SUN_STANDARD" />
    <property name="sun.management.compiler" value="HotSpot 64-Bit Tiered Compilers" />
    <property name="os.name" value="Windows 7" />
    <property name="env.FP_NO_HOST_CHECK" value="NO" />
    <property name="sun.boot.class.path" value="C:\Program Files\Java\jdk1.7.0_51\jre\lib\resources.jar;C:\Program Files\Java\jdk1.7.0_51\jre\lib\rt.jar;C:\Program Files\Java\jdk1.7.0_51\jre\lib\sunrsasign.jar;C:\Program Files\Java\jdk1.7.0_51\jre\lib\jsse.jar;C:\Program Files\Java\jdk1.7.0_51\jre\lib\jce.jar;C:\Program Files\Java\jdk1.7.0_51\jre\lib\charsets.jar;C:\Program Files\Java\jdk1.7.0_51\jre\lib\jfr.jar;C:\Program Files\Java\jdk1.7.0_51\jre\classes" />
    <property name="env.COMPUTERNAME" value="GN4ZRY1-PC" />
    <property name="env.PWD" value="/cygdrive/c/connectSDKWork/1.4-DEVcode/Connect-SDK-Android/core" />
    <property name="env.CommonProgramW6432" value="C:\Program Files\Common Files" />
    <property name="TODAY" value="December 1 2014" />
    <property name="env.ALLUSERSPROFILE" value="C:\ProgramData" />
    <property name="sun.desktop" value="windows" />
    <property name="java.vm.specification.vendor" value="Oracle Corporation" />
    <property name="ant.home" value="C:/apache-ant-1.9.4" />
    <property name="java.runtime.version" value="1.7.0_51-b13" />
    <property name="env.HOMEPATH" value="\Users\ashika.chhabda" />
    <property name="user.name" value="ashika.chhabda" />
    <property name="ant.file.Connect-SDK-Android-Core-Test" value="C:\connectSDKWork\1.4-DEVcode\Connect-SDK-Android\core\test\build.xml" />
    <property name="env.USER" value="ashika.chhabda" />
    <property name="env.SHELL" value="/bin/bash" />
    <property name="build.dir" value="./build/" />
    <property name="env.PATH" value="C:\cygwin\usr\local\bin;C:\cygwin\bin;C:\ProgramData\Oracle\Java\javapath;C:\Python34;C:\Python34\Scripts;C:\Program Files\Dell\DW WLAN Card;C:\Windows\system32;C:\Windows;C:\Windows\System32\Wbem;C:\Windows\System32\WindowsPowerShell\v1.0;C:\Program Files (x86)\Intel\OpenCL SDK\2.0\bin\x86;C:\Program Files (x86)\Intel\OpenCL SDK\2.0\bin\x64;C:\Program Files\WIDCOMM\Bluetooth Software;C:\Program Files\WIDCOMM\Bluetooth Software\syswow64;C:\Program Files\Java\jdk1.7.0_51\bin;C:\LifeTrackerDownloads\Maven 3.1.1\apache-maven-3.1.1-bin\bin;C:\connectSDKWork\adt-bundle-windows-x86_64-20140702\sdk\tools;C:\apache-ant-1.9.4\bin" />
    <property name="user.language" value="en" />
    <property name="env.WINDIR" value="C:\Windows" />
    <property name="test.report.dir" value="./test-reports/" />
    <property name="sun.boot.library.path" value="C:\Program Files\Java\jdk1.7.0_51\jre\bin" />
    <property name="env.DellClientSystemUpdatePath" value="C:\Program Files (x86)\Dell\ClientSystemUpdate\" />
    <property name="ant.project.default-target" value="test-run" />
    <property name="ant.project.name" value="Connect-SDK-Android-Core-Test" />
    <property name="DSTAMP" value="20141201" />
    <property name="java.version" value="1.7.0_51" />
    <property name="env.PROCESSOR_IDENTIFIER" value="Intel64 Family 6 Model 58 Stepping 9, GenuineIntel" />
    <property name="user.timezone" value="" />
    <property name="env.TEMP" value="C:\cygwin\tmp" />
    <property name="sun.arch.data.model" value="64" />
    <property name="java.endorsed.dirs" value="C:\Program Files\Java\jdk1.7.0_51\jre\lib\endorsed" />
    <property name="sun.cpu.isalist" value="amd64" />
    <property name="env.HOMEDRIVE" value="C:" />
    <property name="sun.jnu.encoding" value="Cp1252" />
    <property name="file.encoding.pkg" value="sun.io" />
    <property name="env.SHLVL" value="1" />
    <property name="env.SYSTEMDRIVE" value="C:" />
    <property name="file.separator" value="\" />
    <property name="env.HOSTNAME" value="GN4ZRY1-PC" />
    <property name="java.specification.name" value="Java Platform API Specification" />
    <property name="test.html.dir" value="./test-report-html/" />
    <property name="java.class.version" value="51.0" />
    <property name="user.country" value="US" />
    <property name="env.PRINTER" value="Canon C5240 - SVL GA Floor 2" />
    <property name="java.home" value="C:\Program Files\Java\jdk1.7.0_51\jre" />
    <property name="env.PSModulePath" value="C:\Windows\system32\WindowsPowerShell\v1.0\Modules\" />
    <property name="env.ANDROID_HOME" value="C:\connectSDKWork\adt-bundle-windows-x86_64-20140702\sdk" />
    <property name="env.APPDATA" value="C:\Users\ashika.chhabda\AppData\Roaming" />
    <property name="env.PUBLIC" value="C:\Users\Public" />
    <property name="java.vm.info" value="mixed mode" />
    <property name="env.OS" value="Windows_NT" />
    <property name="ant.file" value="C:\connectSDKWork\1.4-DEVcode\Connect-SDK-Android\core\test\build.xml" />
    <property name="os.version" value="6.1" />
    <property name="env.ProgramW6432" value="C:\Program Files" />
    <property name="env.=::" value="::\" />
    <property name="path.separator" value=";" />
    <property name="java.vm.version" value="24.51-b03" />
    <property name="env.USERPROFILE" value="C:\Users\ashika.chhabda" />
    <property name="user.variant" value="" />
    <property name="ant.library.dir" value="C:/apache-ant-1.9.4/lib" />
    <property name="env.JAVA_HOME" value="C:/Program Files/Java/jdk1.7.0_51" />
    <property name="env.PROFILEREAD" value="true" />
    <property name="java.awt.printerjob" value="sun.awt.windows.WPrinterJob" />
    <property name="env.TERM" value="xterm" />
    <property name="env.PROGRAMFILES" value="C:\Program Files" />
    <property name="env.TMP" value="C:\cygwin\tmp" />
    <property name="sun.io.unicode.encoding" value="UnicodeLittle" />
    <property name="awt.toolkit" value="sun.awt.windows.WToolkit" />
    <property name="user.script" value="" />
    <property name="env.MANPATH" value="/usr/local/man:/usr/share/man:/usr/man:/usr/ssl/man" />
    <property name="env.TZ" value="America/Los_Angeles" />
    <property name="user.home" value="C:\Users\ashika.chhabda" />
    <property name="env.COMMONPROGRAMFILES" value="C:\Program Files\Common Files" />
    <property name="env.ProgramData" value="C:\ProgramData" />
    <property name="android.core.classpath" value="./../bin/classes/" />
    <property name="env.SESSIONNAME" value="Console" />
    <property name="env.ProgramFiles(x86)" value="C:\Program Files (x86)" />
    <property name="java.specification.vendor" value="Oracle Corporation" />
    <property name="env.M2_HOME" value="C:\LifeTrackerDownloads\Maven 3.1.1\apache-maven-3.1.1-bin" />
    <property name="java.library.path" value="C:\Program Files\Java\jdk1.7.0_51\jre\bin;C:\Windows\Sun\Java\bin;C:\Windows\system32;C:\Windows;C:\cygwin\usr\local\bin;C:\cygwin\bin;C:\ProgramData\Oracle\Java\javapath;C:\Python34;C:\Python34\Scripts;C:\Program Files\Dell\DW WLAN Card;C:\Windows\system32;C:\Windows;C:\Windows\System32\Wbem;C:\Windows\System32\WindowsPowerShell\v1.0;C:\Program Files (x86)\Intel\OpenCL SDK\2.0\bin\x86;C:\Program Files (x86)\Intel\OpenCL SDK\2.0\bin\x64;C:\Program Files\WIDCOMM\Bluetooth Software;C:\Program Files\WIDCOMM\Bluetooth Software\syswow64;C:\Program Files\Java\jdk1.7.0_51\bin;C:\LifeTrackerDownloads\Maven 3.1.1\apache-maven-3.1.1-bin\bin;C:\connectSDKWork\adt-bundle-windows-x86_64-20140702\sdk\tools;C:\apache-ant-1.9.4\bin;." />
    <property name="env.NUMBER_OF_PROCESSORS" value="4" />
    <property name="java.vendor.url" value="http://java.oracle.com/" />
    <property name="env.USERDNSDOMAIN" value="LGE.NET" />
    <property name="java.vm.vendor" value="Oracle Corporation" />
    <property name="java.runtime.name" value="Java(TM) SE Runtime Environment" />
    <property name="ant.version" value="Apache Ant(TM) version 1.9.4 compiled on April 29 2014" />
    <property name="java.class.path" value="C:\connectSDKWork\1.4-DEVcode\Connect-SDK-Android\core\test\libs\junit-4.10.jar;C:\connectSDKWork\1.4-DEVcode\Connect-SDK-Android\core\test\libs\mockito-all-1.9.5.jar;C:\connectSDKWork\1.4-DEVcode\Connect-SDK-Android\core\test\libs\powermock-mockito-1.5.6-full.jar;C:\connectSDKWork\1.4-DEVcode\Connect-SDK-Android\core\test\libs\robolectric-2.4-jar-with-dependencies.jar;C:\connectSDKWork\adt-bundle-windows-x86_64-20140702\sdk\platforms\android-19\android.jar;C:\connectSDKWork\1.4-DEVcode\Connect-SDK-Android\core\bin\classes;C:\connectSDKWork\1.4-DEVcode\Connect-SDK-Android\core\test\build;C:\apache-ant-1.9.4\lib\ant-launcher.jar;C:\apache-ant-1.9.4\lib\ant.jar;C:\apache-ant-1.9.4\lib\ant-junit.jar;C:\apache-ant-1.9.4\lib\ant-junit4.jar" />
    <property name="sun.java.command" value="org.apache.tools.ant.taskdefs.optional.junit.JUnitTestRunner com.connectsdk.discovery.provider.SSDPTest skipNonTests=false filtertrace=true haltOnError=false haltOnFailure=false formatter=org.apache.tools.ant.taskdefs.optional.junit.SummaryJUnitResultFormatter showoutput=true outputtoformatters=true logfailedtests=true threadid=0 logtestlistenerevents=false formatter=org.apache.tools.ant.taskdefs.optional.junit.PlainJUnitResultFormatter,C:\connectSDKWork\1.4-DEVcode\Connect-SDK-Android\core\test\test-reports\TEST-com.connectsdk.discovery.provider.SSDPTest.txt formatter=org.apache.tools.ant.taskdefs.optional.junit.XMLJUnitResultFormatter,C:\connectSDKWork\1.4-DEVcode\Connect-SDK-Android\core\test\test-reports\TEST-com.connectsdk.discovery.provider.SSDPTest.xml crashfile=C:\connectSDKWork\1.4-DEVcode\Connect-SDK-Android\core\test\junitvmwatcher6462841739327047858.properties propsfile=C:\connectSDKWork\1.4-DEVcode\Connect-SDK-Android\core\test\junit1234146279110982392.properties" />
    <property name="TSTAMP" value="1226" />
    <property name="libs.dir" value="./libs/" />
    <property name="java.vm.specification.name" value="Java Virtual Machine Specification" />
    <property name="ant.file.type" value="file" />
    <property name="env.LOGONSERVER" value="\\SVLRD10-DC10" />
    <property name="env.PROCESSOR_ARCHITECTURE" value="AMD64" />
    <property name="java.vm.specification.version" value="1.7" />
    <property name="sun.os.patch.level" value="Service Pack 1" />
    <property name="sun.cpu.endian" value="little" />
    <property name="env.HOME" value="C:\cygwin\home\ashika.chhabda" />
    <property name="env.PROCESSOR_REVISION" value="3a09" />
    <property name="java.io.tmpdir" value="C:\cygwin\tmp\" />
    <property name="env.CommonProgramFiles(x86)" value="C:\Program Files (x86)\Common Files" />
    <property name="cygwin.user.home" value="C:/cygwin/home/ashika.chhabda" />
    <property name="env.ORIGINAL_PATH" value="/cygdrive/c/ProgramData/Oracle/Java/javapath:/cygdrive/c/Python34:/cygdrive/c/Python34/Scripts:/cygdrive/c/Program Files/Dell/DW WLAN Card:/cygdrive/c/Windows/system32:/cygdrive/c/Windows:/cygdrive/c/Windows/System32/Wbem:/cygdrive/c/Windows/System32/WindowsPowerShell/v1.0:/cygdrive/c/Program Files (x86)/Intel/OpenCL SDK/2.0/bin/x86:/cygdrive/c/Program Files (x86)/Intel/OpenCL SDK/2.0/bin/x64:/cygdrive/c/Program Files/WIDCOMM/Bluetooth Software:/cygdrive/c/Program Files/WIDCOMM/Bluetooth Software/syswow64:/cygdrive/c/Program Files/Java/jdk1.7.0_51/bin:/cygdrive/c/LifeTrackerDownloads/Maven 3.1.1/apache-maven-3.1.1-bin/bin:/cygdrive/c/connectSDKWork/adt-bundle-windows-x86_64-20140702/sdk/tools:/cygdrive/c/apache-ant-1.9.4/bin" />
    <property name="java.vendor.url.bug" value="http://bugreport.sun.com/bugreport/" />
    <property name="env.COMSPEC" value="C:\Windows\system32\cmd.exe" />
    <property name="java.awt.graphicsenv" value="sun.awt.Win32GraphicsEnvironment" />
    <property name="os.arch" value="amd64" />
    <property name="java.ext.dirs" value="C:\Program Files\Java\jdk1.7.0_51\jre\lib\ext;C:\Windows\Sun\Java\lib\ext" />
    <property name="user.dir" value="C:\connectSDKWork\1.4-DEVcode\Connect-SDK-Android\core" />
    <property name="env.LOCALAPPDATA" value="C:\Users\ashika.chhabda\AppData\Local" />
    <property name="ant.file.type.Connect-SDK-Android-Core-Test" value="file" />
    <property name="env.INFOPATH" value="/usr/local/info:/usr/share/info:/usr/info" />
    <property name="env.EXECIGNORE" value="*.dll" />
    <property name="line.separator" value="
" />
    <property name="java.vm.name" value="Java HotSpot(TM) 64-Bit Server VM" />
    <property name="env.PATHEXT" value=".COM;.EXE;.BAT;.CMD;.VBS;.VBE;.JS;.JSE;.WSF;.WSH;.MSC;.PY" />
    <property name="basedir" value="C:\connectSDKWork\1.4-DEVcode\Connect-SDK-Android\core\test" />
    <property name="ant.java.version" value="1.7" />
    <property name="env.M2" value="C:\LifeTrackerDownloads\Maven 3.1.1\apache-maven-3.1.1-bin\bin;" />
    <property name="ant.core.lib" value="C:\apache-ant-1.9.4\lib\ant.jar" />
    <property name="env.USERNAME" value="ashika.chhabda" />
    <property name="file.encoding" value="Cp1252" />
    <property name="env.USERDOMAIN" value="LGE" />
    <property name="source.dir" value="./src/" />
    <property name="java.specification.version" value="1.7" />
    <property name="ant.project.invoked-targets" value="test-run" />
    <property name="env.PROCESSOR_LEVEL" value="6" />
  </properties>
  <testcase classname="com.connectsdk.discovery.provider.SSDPTest" name="testParseDatagram" time="2.568" />
  <system-out><![CDATA[]]></system-out>
  <system-err><![CDATA[WARNING: no system properties value for ro.build.date.utc
]]></system-err>
</testsuite>
